Using pre-set license
Built from '2020.3/china_unity/release' branch; Version is '2020.3.21f1c1 (ae728190a658) revision 11432577'; Using compiler version '192528614'; Build Type 'Release'
OS: 'Windows 10 Home China; OS build 19044.2006; Version 2009; 64bit' Language: 'zh' Physical Memory: 16303 MB
BatchMode: 1, IsHumanControllingUs: 0, StartBugReporterOnCrash: 0, Is64bit: 1, IsPro: 0

COMMAND LINE ARGUMENTS:
C:\Program Files\Unity\Hub\Editor\2020.3.21f1c1\Editor\Unity.exe
-adb2
-batchMode
-noUpm
-name
AssetImportWorker0
-projectPath
E:/Unity/Arknights Platformer
-logFile
Logs/AssetImportWorker0.log
-srvPort
2054
Successfully changed project path to: E:/Unity/Arknights Platformer
E:/Unity/Arknights Platformer
Using Asset Import Pipeline V2.
AS: AutoStreaming module initializing.Refreshing native plugins compatible for Editor in 54.12 ms, found 3 plugins.
Preloading 0 native plugins for Editor in 0.00 ms.
Initialize engine version: 2020.3.21f1c1 (ae728190a658)
[Subsystems] Discovering subsystems at path C:/Program Files/Unity/Hub/Editor/2020.3.21f1c1/Editor/Data/Resources/UnitySubsystems
[Subsystems] Discovering subsystems at path E:/Unity/Arknights Platformer/Assets
GfxDevice: creating device client; threaded=0
Direct3D:
    Version:  Direct3D 11.0 [level 11.1]
    Renderer: NVIDIA GeForce GTX 1650 (ID=0x1f91)
    Vendor:   
    VRAM:     3962 MB
    Driver:   30.0.15.1179
Initialize mono
Mono path[0] = 'C:/Program Files/Unity/Hub/Editor/2020.3.21f1c1/Editor/Data/Managed'
Mono path[1] = 'C:/Program Files/Unity/Hub/Editor/2020.3.21f1c1/Editor/Data/MonoBleedingEdge/lib/mono/unityjit'
Mono config path = 'C:/Program Files/Unity/Hub/Editor/2020.3.21f1c1/Editor/Data/MonoBleedingEdge/etc'
Using monoOptions --debugger-agent=transport=dt_socket,embedding=1,server=y,suspend=n,address=127.0.0.1:56908
Begin MonoManager ReloadAssembly
Registering precompiled unity dll's ...
Register platform support module: C:/Program Files/Unity/Hub/Editor/2020.3.21f1c1/Editor/Data/PlaybackEngines/WindowsStandaloneSupport/UnityEditor.WindowsStandalone.Extensions.dll
Registered in 0.007650 seconds.
Native extension for WindowsStandalone target not found
Refreshing native plugins compatible for Editor in 48.24 ms, found 3 plugins.
Preloading 0 native plugins for Editor in 0.00 ms.
Mono: successfully reloaded assembly
- Completed reload, in  3.258 seconds
Domain Reload Profiling:
	ReloadAssembly (3259ms)
		BeginReloadAssembly (103ms)
			ExecutionOrderSort (0ms)
			DisableScriptedObjects (0ms)
			BackupInstance (0ms)
			ReleaseScriptingObjects (0ms)
			CreateAndSetChildDomain (1ms)
		EndReloadAssembly (469ms)
			LoadAssemblies (96ms)
			RebuildTransferFunctionScriptingTraits (0ms)
			SetupTypeCache (153ms)
			ReleaseScriptCaches (0ms)
			RebuildScriptCaches (30ms)
			SetupLoadedEditorAssemblies (168ms)
				LogAssemblyErrors (0ms)
				InitializePlatformSupportModulesInManaged (5ms)
				SetLoadedEditorAssemblies (0ms)
				RefreshPlugins (48ms)
				BeforeProcessingInitializeOnLoad (19ms)
				ProcessInitializeOnLoadAttributes (70ms)
				ProcessInitializeOnLoadMethodAttributes (26ms)
				AfterProcessingInitializeOnLoad (0ms)
				EditorAssembliesLoaded (0ms)
			ExecutionOrderSort2 (0ms)
			AwakeInstancesAfterBackupRestoration (0ms)
Platform modules already initialized, skipping
Registering precompiled user dll's ...
Registered in 0.006485 seconds.
Begin MonoManager ReloadAssembly
Native extension for WindowsStandalone target not found
Refreshing native plugins compatible for Editor in 47.36 ms, found 3 plugins.
Preloading 0 native plugins for Editor in 0.00 ms.
Mono: successfully reloaded assembly
- Completed reload, in  1.306 seconds
Domain Reload Profiling:
	ReloadAssembly (1308ms)
		BeginReloadAssembly (196ms)
			ExecutionOrderSort (0ms)
			DisableScriptedObjects (4ms)
			BackupInstance (0ms)
			ReleaseScriptingObjects (0ms)
			CreateAndSetChildDomain (17ms)
		EndReloadAssembly (1023ms)
			LoadAssemblies (148ms)
			RebuildTransferFunctionScriptingTraits (0ms)
			SetupTypeCache (313ms)
			ReleaseScriptCaches (0ms)
			RebuildScriptCaches (51ms)
			SetupLoadedEditorAssemblies (414ms)
				LogAssemblyErrors (0ms)
				InitializePlatformSupportModulesInManaged (4ms)
				SetLoadedEditorAssemblies (0ms)
				RefreshPlugins (47ms)
				BeforeProcessingInitializeOnLoad (99ms)
				ProcessInitializeOnLoadAttributes (214ms)
				ProcessInitializeOnLoadMethodAttributes (18ms)
				AfterProcessingInitializeOnLoad (30ms)
				EditorAssembliesLoaded (0ms)
			ExecutionOrderSort2 (0ms)
			AwakeInstancesAfterBackupRestoration (6ms)
Platform modules already initialized, skipping
========================================================================
Worker process is ready to serve import requests
Launched and connected shader compiler UnityShaderCompiler.exe after 0.10 seconds
Refreshing native plugins compatible for Editor in 0.64 ms, found 3 plugins.
Preloading 0 native plugins for Editor in 0.00 ms.
Unloading 2378 Unused Serialized files (Serialized files now loaded: 0)
System memory in use before: 107.5 MB.
System memory in use after: 107.7 MB.

Unloading 29 unused Assets to reduce memory usage. Loaded Objects now: 2817.
Total: 3.494600 ms (FindLiveObjects: 0.212000 ms CreateObjectMapping: 0.103100 ms MarkObjects: 3.110900 ms  DeleteObjects: 0.067700 ms)

AssetImportParameters requested are different than current active one (requested -> active):
  custom:framework-win-MediaFoundation: 216162199b28c13a410421893ffa2e32 -> 
  custom:video-decoder-ogg-theora: a1e56fd34408186e4bbccfd4996cb3dc -> 
  custom:container-muxer-webm: aa71ff27fc2769a1b78a27578f13a17b -> 
  custom:container-demuxer-webm: 4f35f7cbe854078d1ac9338744f61a02 -> 
  custom:container-demuxer-ogg: 62fdf1f143b41e24485cea50d1cbac27 -> 
  custom:video-encoder-webm-vp8: eb34c28f22e8b96e1ab97ce403110664 -> 
  custom:video-codec-MediaFoundation-h265: 746d11721c4dcdbdad8f713fa42b33f4 -> 
  custom:video-decoder-webm-vp8: 9c59270c3fd7afecdb556c50c9e8de78 -> 
  custom:audio-decoder-ogg-vorbis: bf7c407c2cedff20999df2af8eb42d56 -> 
  custom:audio-encoder-webm-vorbis: bf7c407c2cedff20999df2af8eb42d56 -> 
========================================================================
Received Import Request.
  path: Assets/Props/Spikes.prefab
  artifactKey: Guid(e7abe1ada88c5934bad18c1019a0050e) Importer(815301076,1909f56bfc062723c751e8b465ee728b)
Start importing Assets/Props/Spikes.prefab using Guid(e7abe1ada88c5934bad18c1019a0050e) Importer(815301076,1909f56bfc062723c751e8b465ee728b)  -> (artifact id: '0f1f94a7ccd59ef41431b8f65d622243') in 0.194479 seconds 
  Import took 0.197981 seconds .

========================================================================
Received Import Request.
  Time since last request: 0.000371 seconds.
  path: Assets/Props/Shrine.prefab
  artifactKey: Guid(af56bb12f2a1cf743b9bb55f1e375d69) Importer(815301076,1909f56bfc062723c751e8b465ee728b)
Start importing Assets/Props/Shrine.prefab using Guid(af56bb12f2a1cf743b9bb55f1e375d69) Importer(815301076,1909f56bfc062723c751e8b465ee728b)  -> (artifact id: '2ad9639a70f558a56dff25b8f3d8b1aa') in 0.231121 seconds 
  Import took 0.234893 seconds .

========================================================================
Received Import Request.
  Time since last request: 0.000405 seconds.
  path: Assets/Props/Hanging Lamp.prefab
  artifactKey: Guid(d7f69432e609ef84f87866d5f77ee599) Importer(815301076,1909f56bfc062723c751e8b465ee728b)
Start importing Assets/Props/Hanging Lamp.prefab using Guid(d7f69432e609ef84f87866d5f77ee599) Importer(815301076,1909f56bfc062723c751e8b465ee728b)  -> (artifact id: '3b74c80a99c0b5923f04a1b6b84bb6fd') in 0.097017 seconds 
  Import took 0.100489 seconds .

========================================================================
Received Import Request.
  Time since last request: 0.000311 seconds.
  path: Assets/Arknights/Gladiia/Sheets/Dash/frame8.png
  artifactKey: Guid(4001963736c1eb24db2eeb653f1772b3) Importer(815301076,1909f56bfc062723c751e8b465ee728b)
Start importing Assets/Arknights/Gladiia/Sheets/Dash/frame8.png using Guid(4001963736c1eb24db2eeb653f1772b3) Importer(815301076,1909f56bfc062723c751e8b465ee728b)  -> (artifact id: '8cabb8340c1d3e123e224b4b99987dd1') in 0.106629 seconds 
  Import took 0.109912 seconds .

========================================================================
Received Import Request.
  Time since last request: 0.000447 seconds.
  path: Assets/Arknights/Gladiia/Sheets/Dash/frame4.png
  artifactKey: Guid(6de7646e4680ac843a81ebf8cf10eb84) Importer(815301076,1909f56bfc062723c751e8b465ee728b)
Start importing Assets/Arknights/Gladiia/Sheets/Dash/frame4.png using Guid(6de7646e4680ac843a81ebf8cf10eb84) Importer(815301076,1909f56bfc062723c751e8b465ee728b)  -> (artifact id: 'c1a1735c4d7994455fdabbeb5ee6fc9b') in 0.033538 seconds 
  Import took 0.036810 seconds .

========================================================================
Received Import Request.
  Time since last request: 0.000366 seconds.
  path: Assets/Arknights/Gladiia/Sheets/Dash/frame5.png
  artifactKey: Guid(70ba48e2af085e34d8b74d2632ed9c8d) Importer(815301076,1909f56bfc062723c751e8b465ee728b)
Start importing Assets/Arknights/Gladiia/Sheets/Dash/frame5.png using Guid(70ba48e2af085e34d8b74d2632ed9c8d) Importer(815301076,1909f56bfc062723c751e8b465ee728b)  -> (artifact id: 'a9c7bd1549144947dab515962b66303f') in 0.035406 seconds 
  Import took 0.038788 seconds .

========================================================================
Received Import Request.
  Time since last request: 0.000342 seconds.
  path: Assets/Arknights/Gladiia/Sheets/Dash/frame9.png
  artifactKey: Guid(5251261bfdb7e034f8edaf6bcc74f76e) Importer(815301076,1909f56bfc062723c751e8b465ee728b)
Start importing Assets/Arknights/Gladiia/Sheets/Dash/frame9.png using Guid(5251261bfdb7e034f8edaf6bcc74f76e) Importer(815301076,1909f56bfc062723c751e8b465ee728b)  -> (artifact id: '31808adfd4848f8ab7ef6c65b2277089') in 0.014670 seconds 
  Import took 0.018037 seconds .

========================================================================
Received Import Request.
  Time since last request: 0.000386 seconds.
  path: Assets/Arknights/Gladiia/Sheets/Dash/frame1.png
  artifactKey: Guid(84ce2c52760964d47a560d0b6a1256c5) Importer(815301076,1909f56bfc062723c751e8b465ee728b)
Start importing Assets/Arknights/Gladiia/Sheets/Dash/frame1.png using Guid(84ce2c52760964d47a560d0b6a1256c5) Importer(815301076,1909f56bfc062723c751e8b465ee728b)  -> (artifact id: '603985a0bf3e6b0c17907940e685b5bd') in 0.013101 seconds 
  Import took 0.017966 seconds .

========================================================================
Received Import Request.
  Time since last request: 0.000395 seconds.
  path: Assets/Arknights/Gladiia/Sheets/Dash/frame10.png
  artifactKey: Guid(aa4d692282393bd46a81f454b96a4f1d) Importer(815301076,1909f56bfc062723c751e8b465ee728b)
Start importing Assets/Arknights/Gladiia/Sheets/Dash/frame10.png using Guid(aa4d692282393bd46a81f454b96a4f1d) Importer(815301076,1909f56bfc062723c751e8b465ee728b)  -> (artifact id: 'e85fa8d5663c63e4a1378cad23498f21') in 0.022235 seconds 
  Import took 0.027580 seconds .

========================================================================
Received Import Request.
  Time since last request: 0.000471 seconds.
  path: Assets/Props/Pedestal.prefab
  artifactKey: Guid(28d4eeb63c5f3634f9fe16aecfc5ad6c) Importer(815301076,1909f56bfc062723c751e8b465ee728b)
Start importing Assets/Props/Pedestal.prefab using Guid(28d4eeb63c5f3634f9fe16aecfc5ad6c) Importer(815301076,1909f56bfc062723c751e8b465ee728b)  -> (artifact id: 'b74afb787909452604ba45c789c1da61') in 0.019711 seconds 
  Import took 0.023431 seconds .

========================================================================
Received Import Request.
  Time since last request: 0.000365 seconds.
  path: Assets/Props/Wall Torch.prefab
  artifactKey: Guid(c4ee0ee782117aa488f26fd39b8cba5d) Importer(815301076,1909f56bfc062723c751e8b465ee728b)
Start importing Assets/Props/Wall Torch.prefab using Guid(c4ee0ee782117aa488f26fd39b8cba5d) Importer(815301076,1909f56bfc062723c751e8b465ee728b)  -> (artifact id: 'a095656aeeb5a36c7cd3ec546bdf6d4b') in 0.023126 seconds 
  Import took 0.028421 seconds .

========================================================================
Received Import Request.
  Time since last request: 0.000421 seconds.
  path: Assets/Props/Orb.prefab
  artifactKey: Guid(b9ed7ba636cb4da4f90bf0feef1cec2c) Importer(815301076,1909f56bfc062723c751e8b465ee728b)
Start importing Assets/Props/Orb.prefab using Guid(b9ed7ba636cb4da4f90bf0feef1cec2c) Importer(815301076,1909f56bfc062723c751e8b465ee728b)  -> (artifact id: '47b375e976b65ba02b092b651158617d') in 0.021242 seconds 
  Import took 0.026355 seconds .

========================================================================
Received Import Request.
  Time since last request: 0.000313 seconds.
  path: Assets/Props/Door.prefab
  artifactKey: Guid(159db259f1e9c4148b0ce8a18c25dae9) Importer(815301076,1909f56bfc062723c751e8b465ee728b)
Start importing Assets/Props/Door.prefab using Guid(159db259f1e9c4148b0ce8a18c25dae9) Importer(815301076,1909f56bfc062723c751e8b465ee728b)  -> (artifact id: 'd01307d0eeab4061c5d313f2881b8833') in 0.072970 seconds 
  Import took 0.077150 seconds .

========================================================================
Received Import Request.
  Time since last request: 0.000383 seconds.
  path: Assets/Arknights/Gladiia/Sheets/Dash/frame3.png
  artifactKey: Guid(23ccc7e918dda3c4cbf03963d1eef81c) Importer(815301076,1909f56bfc062723c751e8b465ee728b)
Start importing Assets/Arknights/Gladiia/Sheets/Dash/frame3.png using Guid(23ccc7e918dda3c4cbf03963d1eef81c) Importer(815301076,1909f56bfc062723c751e8b465ee728b)  -> (artifact id: '477945539d903560b7782e7be179bf06') in 0.012216 seconds 
  Import took 0.017050 seconds .

========================================================================
Received Import Request.
  Time since last request: 0.000372 seconds.
  path: Assets/Arknights/Gladiia/Sheets/Dash/frame2.png
  artifactKey: Guid(91bc58303d30a7f4c8cba46ceb8559b8) Importer(815301076,1909f56bfc062723c751e8b465ee728b)
Start importing Assets/Arknights/Gladiia/Sheets/Dash/frame2.png using Guid(91bc58303d30a7f4c8cba46ceb8559b8) Importer(815301076,1909f56bfc062723c751e8b465ee728b)  -> (artifact id: 'db93155e7efd26712c7df5b0faf3e283') in 0.021938 seconds 
  Import took 0.027871 seconds .

========================================================================
Received Import Request.
  Time since last request: 0.000325 seconds.
  path: Assets/Arknights/Gladiia/Sheets/Dash/frame7.png
  artifactKey: Guid(b047037372275dc4091744589f931157) Importer(815301076,1909f56bfc062723c751e8b465ee728b)
Start importing Assets/Arknights/Gladiia/Sheets/Dash/frame7.png using Guid(b047037372275dc4091744589f931157) Importer(815301076,1909f56bfc062723c751e8b465ee728b)  -> (artifact id: '55f073e741f29488d8ded78644d2400a') in 0.023156 seconds 
  Import took 0.028392 seconds .

========================================================================
Received Import Request.
  Time since last request: 0.000252 seconds.
  path: Assets/Arknights/Gladiia/Sheets/Dash/frame6.png
  artifactKey: Guid(d5c6370ec73923e408af493acaa44217) Importer(815301076,1909f56bfc062723c751e8b465ee728b)
Start importing Assets/Arknights/Gladiia/Sheets/Dash/frame6.png using Guid(d5c6370ec73923e408af493acaa44217) Importer(815301076,1909f56bfc062723c751e8b465ee728b)  -> (artifact id: 'b6a65f7532e19a5710d63c7ccb8b6234') in 0.020248 seconds 
  Import took 0.025077 seconds .

========================================================================
Received Prepare
Registering precompiled user dll's ...
Registered in 0.004963 seconds.
Begin MonoManager ReloadAssembly
Native extension for WindowsStandalone target not found
Refreshing native plugins compatible for Editor in 0.48 ms, found 3 plugins.
Preloading 0 native plugins for Editor in 0.00 ms.
Mono: successfully reloaded assembly
- Completed reload, in  1.142 seconds
Domain Reload Profiling:
	ReloadAssembly (1142ms)
		BeginReloadAssembly (181ms)
			ExecutionOrderSort (0ms)
			DisableScriptedObjects (5ms)
			BackupInstance (0ms)
			ReleaseScriptingObjects (0ms)
			CreateAndSetChildDomain (39ms)
		EndReloadAssembly (872ms)
			LoadAssemblies (142ms)
			RebuildTransferFunctionScriptingTraits (0ms)
			SetupTypeCache (294ms)
			ReleaseScriptCaches (1ms)
			RebuildScriptCaches (45ms)
			SetupLoadedEditorAssemblies (331ms)
				LogAssemblyErrors (0ms)
				InitializePlatformSupportModulesInManaged (5ms)
				SetLoadedEditorAssemblies (1ms)
				RefreshPlugins (1ms)
				BeforeProcessingInitializeOnLoad (94ms)
				ProcessInitializeOnLoadAttributes (196ms)
				ProcessInitializeOnLoadMethodAttributes (11ms)
				AfterProcessingInitializeOnLoad (24ms)
				EditorAssembliesLoaded (0ms)
			ExecutionOrderSort2 (0ms)
			AwakeInstancesAfterBackupRestoration (8ms)
Platform modules already initialized, skipping
Refreshing native plugins compatible for Editor in 0.60 ms, found 3 plugins.
Preloading 0 native plugins for Editor in 0.00 ms.
Unloading 2350 Unused Serialized files (Serialized files now loaded: 0)
System memory in use before: 108.5 MB.
System memory in use after: 108.7 MB.

Unloading 18 unused Assets to reduce memory usage. Loaded Objects now: 2828.
Total: 3.447300 ms (FindLiveObjects: 0.215100 ms CreateObjectMapping: 0.085100 ms MarkObjects: 3.129000 ms  DeleteObjects: 0.017500 ms)

AssetImportParameters requested are different than current active one (requested -> active):
  custom:framework-win-MediaFoundation: 216162199b28c13a410421893ffa2e32 -> 
  custom:video-decoder-ogg-theora: a1e56fd34408186e4bbccfd4996cb3dc -> 
  custom:container-muxer-webm: aa71ff27fc2769a1b78a27578f13a17b -> 
  custom:container-demuxer-webm: 4f35f7cbe854078d1ac9338744f61a02 -> 
  custom:container-demuxer-ogg: 62fdf1f143b41e24485cea50d1cbac27 -> 
  custom:video-encoder-webm-vp8: eb34c28f22e8b96e1ab97ce403110664 -> 
  custom:video-codec-MediaFoundation-h265: 746d11721c4dcdbdad8f713fa42b33f4 -> 
  custom:video-decoder-webm-vp8: 9c59270c3fd7afecdb556c50c9e8de78 -> 
  custom:audio-decoder-ogg-vorbis: bf7c407c2cedff20999df2af8eb42d56 -> 
  custom:audio-encoder-webm-vorbis: bf7c407c2cedff20999df2af8eb42d56 -> 
========================================================================
Received Import Request.
  Time since last request: 506.597914 seconds.
  path: Assets/Arknights/Gladiia/Sheets/Idle/frame2.png
  artifactKey: Guid(9ef965d651593034ba49dfcc0c29f3ab) Importer(815301076,1909f56bfc062723c751e8b465ee728b)
Start importing Assets/Arknights/Gladiia/Sheets/Idle/frame2.png using Guid(9ef965d651593034ba49dfcc0c29f3ab) Importer(815301076,1909f56bfc062723c751e8b465ee728b)  -> (artifact id: 'fb098987a8dbc27c2d3a220120774fd5') in 0.125589 seconds 
  Import took 0.135888 seconds .

========================================================================
Received Import Request.
  Time since last request: 0.000346 seconds.
  path: Assets/Arknights/Gladiia/Sheets/Idle/frame8.png
  artifactKey: Guid(95b642dc5799e2f4e896489ebe196704) Importer(815301076,1909f56bfc062723c751e8b465ee728b)
Start importing Assets/Arknights/Gladiia/Sheets/Idle/frame8.png using Guid(95b642dc5799e2f4e896489ebe196704) Importer(815301076,1909f56bfc062723c751e8b465ee728b)  -> (artifact id: 'dfeef7d002de4e617e1c58ddfa69c3e3') in 0.046933 seconds 
  Import took 0.054697 seconds .

========================================================================
Received Import Request.
  Time since last request: 0.000338 seconds.
  path: Assets/Arknights/Gladiia/Sheets/Idle/frame11.png
  artifactKey: Guid(3dff4ebd1ecce07458d9b3b20496ff35) Importer(815301076,1909f56bfc062723c751e8b465ee728b)
Start importing Assets/Arknights/Gladiia/Sheets/Idle/frame11.png using Guid(3dff4ebd1ecce07458d9b3b20496ff35) Importer(815301076,1909f56bfc062723c751e8b465ee728b)  -> (artifact id: '443c66c0c651402423f34133b40a8e25') in 0.083267 seconds 
  Import took 0.090717 seconds .

========================================================================
Received Import Request.
  Time since last request: 0.000495 seconds.
  path: Assets/Arknights/Gladiia/Sheets/Idle/frame6.png
  artifactKey: Guid(d0ee139952c67aa468c2a961db022682) Importer(815301076,1909f56bfc062723c751e8b465ee728b)
Start importing Assets/Arknights/Gladiia/Sheets/Idle/frame6.png using Guid(d0ee139952c67aa468c2a961db022682) Importer(815301076,1909f56bfc062723c751e8b465ee728b)  -> (artifact id: '4b129cfcd946563aa0333e3d83f5e059') in 0.069044 seconds 
  Import took 0.072515 seconds .

========================================================================
Received Import Request.
  Time since last request: 0.000341 seconds.
  path: Assets/Arknights/Gladiia/Sheets/Idle/frame5.png
  artifactKey: Guid(7d0cf426b44cb744b9d273263a424863) Importer(815301076,1909f56bfc062723c751e8b465ee728b)
Start importing Assets/Arknights/Gladiia/Sheets/Idle/frame5.png using Guid(7d0cf426b44cb744b9d273263a424863) Importer(815301076,1909f56bfc062723c751e8b465ee728b)  -> (artifact id: '84e96d26d4d90fc3bdf43c82a5f2c206') in 0.051675 seconds 
  Import took 0.056318 seconds .

========================================================================
Received Import Request.
  Time since last request: 0.000286 seconds.
  path: Assets/Arknights/Gladiia/Sheets/Idle/frame15.png
  artifactKey: Guid(43bde34c2b9776f4baebcf3ed0345534) Importer(815301076,1909f56bfc062723c751e8b465ee728b)
Start importing Assets/Arknights/Gladiia/Sheets/Idle/frame15.png using Guid(43bde34c2b9776f4baebcf3ed0345534) Importer(815301076,1909f56bfc062723c751e8b465ee728b)  -> (artifact id: '95bdcc43581592327762b390ec916ce2') in 0.052856 seconds 
  Import took 0.057744 seconds .

========================================================================
Received Import Request.
  Time since last request: 0.000309 seconds.
  path: Assets/Arknights/Gladiia/Sheets/Idle/frame13.png
  artifactKey: Guid(ad51e9141e7ee284096c1d1f3dd0fbf8) Importer(815301076,1909f56bfc062723c751e8b465ee728b)
Start importing Assets/Arknights/Gladiia/Sheets/Idle/frame13.png using Guid(ad51e9141e7ee284096c1d1f3dd0fbf8) Importer(815301076,1909f56bfc062723c751e8b465ee728b)  -> (artifact id: 'd4325ce52581f39bb582006458e26ffb') in 0.033465 seconds 
  Import took 0.037488 seconds .

========================================================================
Received Import Request.
  Time since last request: 0.000404 seconds.
  path: Assets/Arknights/Gladiia/Sheets/Idle/frame3.png
  artifactKey: Guid(cc77e3eb2eb448142ad8d33e11d21c25) Importer(815301076,1909f56bfc062723c751e8b465ee728b)
Start importing Assets/Arknights/Gladiia/Sheets/Idle/frame3.png using Guid(cc77e3eb2eb448142ad8d33e11d21c25) Importer(815301076,1909f56bfc062723c751e8b465ee728b)  -> (artifact id: '9e2353518a797a1f78583b080cb8ce0b') in 0.034302 seconds 
  Import took 0.038857 seconds .

========================================================================
Received Import Request.
  Time since last request: 0.000383 seconds.
  path: Assets/Arknights/Gladiia/Sheets/Idle/frame17.png
  artifactKey: Guid(2820cb452200b6c4fb66315e3969c90d) Importer(815301076,1909f56bfc062723c751e8b465ee728b)
Start importing Assets/Arknights/Gladiia/Sheets/Idle/frame17.png using Guid(2820cb452200b6c4fb66315e3969c90d) Importer(815301076,1909f56bfc062723c751e8b465ee728b)  -> (artifact id: '3d536fc3e814bc20ba06d3e78f23ad54') in 0.047463 seconds 
  Import took 0.051717 seconds .

========================================================================
Received Import Request.
  Time since last request: 0.000351 seconds.
  path: Assets/Arknights/Gladiia/Sheets/Idle/frame14.png
  artifactKey: Guid(01f3b486365d10243a38d9c1f19221f3) Importer(815301076,1909f56bfc062723c751e8b465ee728b)
Start importing Assets/Arknights/Gladiia/Sheets/Idle/frame14.png using Guid(01f3b486365d10243a38d9c1f19221f3) Importer(815301076,1909f56bfc062723c751e8b465ee728b)  -> (artifact id: '9290c3921205eea44152a8ffd0d33b4d') in 0.077497 seconds 
  Import took 0.081611 seconds .

========================================================================
Received Import Request.
  Time since last request: 6.660919 seconds.
  path: Assets/Arknights/Gladiia/Sheets/Move/frame1.png
  artifactKey: Guid(36f05f7eb0814a64294bd34daff7c756) Importer(815301076,1909f56bfc062723c751e8b465ee728b)
Start importing Assets/Arknights/Gladiia/Sheets/Move/frame1.png using Guid(36f05f7eb0814a64294bd34daff7c756) Importer(815301076,1909f56bfc062723c751e8b465ee728b)  -> (artifact id: '9a1f6d96a551441ab7f85e03d69e2f5a') in 0.043799 seconds 
  Import took 0.047253 seconds .

========================================================================
Received Import Request.
  Time since last request: 0.000405 seconds.
  path: Assets/Arknights/Gladiia/Sheets/Move/frame3.png
  artifactKey: Guid(4c7993f5c0b2e2d4ebc9ff7c59833143) Importer(815301076,1909f56bfc062723c751e8b465ee728b)
Start importing Assets/Arknights/Gladiia/Sheets/Move/frame3.png using Guid(4c7993f5c0b2e2d4ebc9ff7c59833143) Importer(815301076,1909f56bfc062723c751e8b465ee728b)  -> (artifact id: 'c49eeb6e289584a67910c1adc6319d67') in 0.013904 seconds 
  Import took 0.017147 seconds .

========================================================================
Received Import Request.
  Time since last request: 0.000421 seconds.
  path: Assets/Arknights/Gladiia/Sheets/Move/frame5.png
  artifactKey: Guid(de467ffdb3d5a1141928a45b788db4d5) Importer(815301076,1909f56bfc062723c751e8b465ee728b)
Start importing Assets/Arknights/Gladiia/Sheets/Move/frame5.png using Guid(de467ffdb3d5a1141928a45b788db4d5) Importer(815301076,1909f56bfc062723c751e8b465ee728b)  -> (artifact id: '717fcf804a8bbb8290949eba67aca550') in 0.026041 seconds 
  Import took 0.030319 seconds .

========================================================================
Received Import Request.
  Time since last request: 0.000401 seconds.
  path: Assets/Arknights/Gladiia/Sheets/Move/frame6.png
  artifactKey: Guid(419a09e12c287a54290442a554f33257) Importer(815301076,1909f56bfc062723c751e8b465ee728b)
Start importing Assets/Arknights/Gladiia/Sheets/Move/frame6.png using Guid(419a09e12c287a54290442a554f33257) Importer(815301076,1909f56bfc062723c751e8b465ee728b)  -> (artifact id: '5bce5fd99014a2ca6cfc2bcecf7b2bc6') in 0.013365 seconds 
  Import took 0.016612 seconds .

========================================================================
Received Import Request.
  Time since last request: 0.000402 seconds.
  path: Assets/Arknights/Gladiia/Sheets/Move/frame9.png
  artifactKey: Guid(9490fa689627bb14c9c3036e6744c84f) Importer(815301076,1909f56bfc062723c751e8b465ee728b)
Start importing Assets/Arknights/Gladiia/Sheets/Move/frame9.png using Guid(9490fa689627bb14c9c3036e6744c84f) Importer(815301076,1909f56bfc062723c751e8b465ee728b)  -> (artifact id: 'fcc93b840cceedd2b10b8a5c4c86972f') in 0.016246 seconds 
  Import took 0.021175 seconds .

========================================================================
Received Import Request.
  Time since last request: 0.000400 seconds.
  path: Assets/Arknights/Gladiia/Sheets/Move/frame8.png
  artifactKey: Guid(45de6f8abc220514cb78e4c2ef6c04f5) Importer(815301076,1909f56bfc062723c751e8b465ee728b)
Start importing Assets/Arknights/Gladiia/Sheets/Move/frame8.png using Guid(45de6f8abc220514cb78e4c2ef6c04f5) Importer(815301076,1909f56bfc062723c751e8b465ee728b)  -> (artifact id: 'fa58e0e2769fa5eb03362437694df9a5') in 0.017502 seconds 
  Import took 0.022395 seconds .

========================================================================
Received Import Request.
  Time since last request: 0.000415 seconds.
  path: Assets/Arknights/Gladiia/Sheets/Move/frame4.png
  artifactKey: Guid(1b5731c284c7d67409cadb81a4b66f83) Importer(815301076,1909f56bfc062723c751e8b465ee728b)
Start importing Assets/Arknights/Gladiia/Sheets/Move/frame4.png using Guid(1b5731c284c7d67409cadb81a4b66f83) Importer(815301076,1909f56bfc062723c751e8b465ee728b)  -> (artifact id: '7d3d46af17da64422aced073da3c5bda') in 0.023690 seconds 
  Import took 0.027314 seconds .

========================================================================
Received Import Request.
  Time since last request: 0.000375 seconds.
  path: Assets/Arknights/Gladiia/Sheets/Move/frame16.png
  artifactKey: Guid(9263f757657bf8841b5be7006d21cae3) Importer(815301076,1909f56bfc062723c751e8b465ee728b)
Start importing Assets/Arknights/Gladiia/Sheets/Move/frame16.png using Guid(9263f757657bf8841b5be7006d21cae3) Importer(815301076,1909f56bfc062723c751e8b465ee728b)  -> (artifact id: '4b6b3e8dbeba50768298c0533243ab3f') in 0.041141 seconds 
  Import took 0.050502 seconds .

========================================================================
Received Import Request.
  Time since last request: 0.000395 seconds.
  path: Assets/Arknights/Gladiia/Sheets/Move/frame12.png
  artifactKey: Guid(e86ce17dc29abfe4b8a95a697fc186d1) Importer(815301076,1909f56bfc062723c751e8b465ee728b)
Start importing Assets/Arknights/Gladiia/Sheets/Move/frame12.png using Guid(e86ce17dc29abfe4b8a95a697fc186d1) Importer(815301076,1909f56bfc062723c751e8b465ee728b)  -> (artifact id: '324dcde912abe9fe100ce7e762d8e748') in 0.098490 seconds 
  Import took 0.102973 seconds .

========================================================================
Received Import Request.
  Time since last request: 0.000418 seconds.
  path: Assets/Arknights/Gladiia/Sheets/Move/frame7.png
  artifactKey: Guid(2abe998d516d0d445bd3b88afa38a563) Importer(815301076,1909f56bfc062723c751e8b465ee728b)
Start importing Assets/Arknights/Gladiia/Sheets/Move/frame7.png using Guid(2abe998d516d0d445bd3b88afa38a563) Importer(815301076,1909f56bfc062723c751e8b465ee728b)  -> (artifact id: '7394e2bfa24bfbe0b3a796f1c539916d') in 0.095666 seconds 
  Import took 0.100583 seconds .

========================================================================
Received Import Request.
  Time since last request: 0.000430 seconds.
  path: Assets/Arknights/Gladiia/Sheets/Move/frame15.png
  artifactKey: Guid(df6c519ee64ce9745bc03053b63d71bd) Importer(815301076,1909f56bfc062723c751e8b465ee728b)
Start importing Assets/Arknights/Gladiia/Sheets/Move/frame15.png using Guid(df6c519ee64ce9745bc03053b63d71bd) Importer(815301076,1909f56bfc062723c751e8b465ee728b)  -> (artifact id: 'ae5800dc9c721220f9d04325478a819e') in 0.039108 seconds 
  Import took 0.046911 seconds .

========================================================================
Received Import Request.
  Time since last request: 0.000281 seconds.
  path: Assets/Arknights/Gladiia/Sheets/Move/frame13.png
  artifactKey: Guid(6e5329ba34236604187c513a7d71fb42) Importer(815301076,1909f56bfc062723c751e8b465ee728b)
Start importing Assets/Arknights/Gladiia/Sheets/Move/frame13.png using Guid(6e5329ba34236604187c513a7d71fb42) Importer(815301076,1909f56bfc062723c751e8b465ee728b)  -> (artifact id: '9194e310b8a786e2f98debf124987eea') in 0.025534 seconds 
  Import took 0.030007 seconds .

========================================================================
Received Import Request.
  Time since last request: 0.000367 seconds.
  path: Assets/Arknights/Gladiia/Sheets/Move/frame17.png
  artifactKey: Guid(583ba7df7313c224b899b3f673e4b9dd) Importer(815301076,1909f56bfc062723c751e8b465ee728b)
Start importing Assets/Arknights/Gladiia/Sheets/Move/frame17.png using Guid(583ba7df7313c224b899b3f673e4b9dd) Importer(815301076,1909f56bfc062723c751e8b465ee728b)  -> (artifact id: '63d1678b7f4f08f9599af2db04c935d9') in 0.033192 seconds 
  Import took 0.038068 seconds .

========================================================================
Received Import Request.
  Time since last request: 0.000356 seconds.
  path: Assets/Arknights/Gladiia/Sheets/Move/frame14.png
  artifactKey: Guid(57ed7d2ab1eb8c443afc31c915439ce2) Importer(815301076,1909f56bfc062723c751e8b465ee728b)
Start importing Assets/Arknights/Gladiia/Sheets/Move/frame14.png using Guid(57ed7d2ab1eb8c443afc31c915439ce2) Importer(815301076,1909f56bfc062723c751e8b465ee728b)  -> (artifact id: '728b4e06869b4f8bf3312ce85d5d4d79') in 0.034865 seconds 
  Import took 0.038829 seconds .

========================================================================
Received Import Request.
  Time since last request: 0.000404 seconds.
  path: Assets/Arknights/Gladiia/Sheets/Move/frame2.png
  artifactKey: Guid(fd84e257ceae37b458c3c13031b3fb04) Importer(815301076,1909f56bfc062723c751e8b465ee728b)
Start importing Assets/Arknights/Gladiia/Sheets/Move/frame2.png using Guid(fd84e257ceae37b458c3c13031b3fb04) Importer(815301076,1909f56bfc062723c751e8b465ee728b)  -> (artifact id: '9a08ae59c2f4f7afc3a004488b98f09f') in 0.042205 seconds 
  Import took 0.048559 seconds .

========================================================================
Received Import Request.
  Time since last request: 0.000385 seconds.
  path: Assets/Arknights/Gladiia/Sheets/Move/frame10.png
  artifactKey: Guid(d17ed35e2a3f0314085cdbd4af51d741) Importer(815301076,1909f56bfc062723c751e8b465ee728b)
Start importing Assets/Arknights/Gladiia/Sheets/Move/frame10.png using Guid(d17ed35e2a3f0314085cdbd4af51d741) Importer(815301076,1909f56bfc062723c751e8b465ee728b)  -> (artifact id: '0534d9458ae3797d688e80723da1f2ee') in 0.035960 seconds 
  Import took 0.041312 seconds .

========================================================================
Received Import Request.
  Time since last request: 0.000316 seconds.
  path: Assets/Arknights/Gladiia/Sheets/Move/frame11.png
  artifactKey: Guid(e0d65e3855f989c48ab933aed0b9a47f) Importer(815301076,1909f56bfc062723c751e8b465ee728b)
Start importing Assets/Arknights/Gladiia/Sheets/Move/frame11.png using Guid(e0d65e3855f989c48ab933aed0b9a47f) Importer(815301076,1909f56bfc062723c751e8b465ee728b)  -> (artifact id: '4401739202dbd2d2627f41e4edb65418') in 0.029934 seconds 
  Import took 0.034188 seconds .

========================================================================
Received Prepare
Registering precompiled user dll's ...
Registered in 0.019012 seconds.
Begin MonoManager ReloadAssembly
Native extension for WindowsStandalone target not found
Refreshing native plugins compatible for Editor in 0.49 ms, found 3 plugins.
Preloading 0 native plugins for Editor in 0.00 ms.
Mono: successfully reloaded assembly
- Completed reload, in  1.224 seconds
Domain Reload Profiling:
	ReloadAssembly (1225ms)
		BeginReloadAssembly (188ms)
			ExecutionOrderSort (0ms)
			DisableScriptedObjects (6ms)
			BackupInstance (0ms)
			ReleaseScriptingObjects (0ms)
			CreateAndSetChildDomain (38ms)
		EndReloadAssembly (939ms)
			LoadAssemblies (154ms)
			RebuildTransferFunctionScriptingTraits (0ms)
			SetupTypeCache (318ms)
			ReleaseScriptCaches (1ms)
			RebuildScriptCaches (49ms)
			SetupLoadedEditorAssemblies (342ms)
				LogAssemblyErrors (0ms)
				InitializePlatformSupportModulesInManaged (5ms)
				SetLoadedEditorAssemblies (0ms)
				RefreshPlugins (1ms)
				BeforeProcessingInitializeOnLoad (98ms)
				ProcessInitializeOnLoadAttributes (201ms)
				ProcessInitializeOnLoadMethodAttributes (11ms)
				AfterProcessingInitializeOnLoad (24ms)
				EditorAssembliesLoaded (0ms)
			ExecutionOrderSort2 (0ms)
			AwakeInstancesAfterBackupRestoration (8ms)
Platform modules already initialized, skipping
Refreshing native plugins compatible for Editor in 0.53 ms, found 3 plugins.
Preloading 0 native plugins for Editor in 0.00 ms.
Unloading 2350 Unused Serialized files (Serialized files now loaded: 0)
System memory in use before: 108.5 MB.
System memory in use after: 108.7 MB.

Unloading 18 unused Assets to reduce memory usage. Loaded Objects now: 2831.
Total: 3.443300 ms (FindLiveObjects: 0.225300 ms CreateObjectMapping: 0.094500 ms MarkObjects: 3.103900 ms  DeleteObjects: 0.018500 ms)

AssetImportParameters requested are different than current active one (requested -> active):
  custom:framework-win-MediaFoundation: 216162199b28c13a410421893ffa2e32 -> 
  custom:video-decoder-ogg-theora: a1e56fd34408186e4bbccfd4996cb3dc -> 
  custom:container-muxer-webm: aa71ff27fc2769a1b78a27578f13a17b -> 
  custom:container-demuxer-webm: 4f35f7cbe854078d1ac9338744f61a02 -> 
  custom:container-demuxer-ogg: 62fdf1f143b41e24485cea50d1cbac27 -> 
  custom:video-encoder-webm-vp8: eb34c28f22e8b96e1ab97ce403110664 -> 
  custom:video-codec-MediaFoundation-h265: 746d11721c4dcdbdad8f713fa42b33f4 -> 
  custom:video-decoder-webm-vp8: 9c59270c3fd7afecdb556c50c9e8de78 -> 
  custom:audio-decoder-ogg-vorbis: bf7c407c2cedff20999df2af8eb42d56 -> 
  custom:audio-encoder-webm-vorbis: bf7c407c2cedff20999df2af8eb42d56 -> 
========================================================================
Received Import Request.
  Time since last request: 1044.557095 seconds.
  path: Assets/Arknights/Gladiia/Sheets/Dash/frame8.png
  artifactKey: Guid(4001963736c1eb24db2eeb653f1772b3) Importer(815301076,1909f56bfc062723c751e8b465ee728b)
Start importing Assets/Arknights/Gladiia/Sheets/Dash/frame8.png using Guid(4001963736c1eb24db2eeb653f1772b3) Importer(815301076,1909f56bfc062723c751e8b465ee728b)  -> (artifact id: '85a79da71c9d2d795131faec0dcaff03') in 0.054450 seconds 
  Import took 0.057901 seconds .

========================================================================
Received Import Request.
  Time since last request: 0.000361 seconds.
  path: Assets/Arknights/Gladiia/Sheets/Dash/frame4.png
  artifactKey: Guid(6de7646e4680ac843a81ebf8cf10eb84) Importer(815301076,1909f56bfc062723c751e8b465ee728b)
Start importing Assets/Arknights/Gladiia/Sheets/Dash/frame4.png using Guid(6de7646e4680ac843a81ebf8cf10eb84) Importer(815301076,1909f56bfc062723c751e8b465ee728b)  -> (artifact id: '2400b0ed1d5598921327c0256c826352') in 0.015859 seconds 
  Import took 0.021624 seconds .

========================================================================
Received Import Request.
  Time since last request: 0.000439 seconds.
  path: Assets/Arknights/Gladiia/Sheets/Dash/frame5.png
  artifactKey: Guid(70ba48e2af085e34d8b74d2632ed9c8d) Importer(815301076,1909f56bfc062723c751e8b465ee728b)
Start importing Assets/Arknights/Gladiia/Sheets/Dash/frame5.png using Guid(70ba48e2af085e34d8b74d2632ed9c8d) Importer(815301076,1909f56bfc062723c751e8b465ee728b)  -> (artifact id: '7e5c8b25823d40e5fd01a9f4bec3029a') in 0.026644 seconds 
  Import took 0.033233 seconds .

========================================================================
Received Import Request.
  Time since last request: 0.000302 seconds.
  path: Assets/Arknights/Gladiia/Sheets/Dash/frame9.png
  artifactKey: Guid(5251261bfdb7e034f8edaf6bcc74f76e) Importer(815301076,1909f56bfc062723c751e8b465ee728b)
Start importing Assets/Arknights/Gladiia/Sheets/Dash/frame9.png using Guid(5251261bfdb7e034f8edaf6bcc74f76e) Importer(815301076,1909f56bfc062723c751e8b465ee728b)  -> (artifact id: '25142a15e16c8d789d325543261ebc2b') in 0.067178 seconds 
  Import took 0.070863 seconds .

========================================================================
Received Import Request.
  Time since last request: 0.000571 seconds.
  path: Assets/Arknights/Gladiia/Sheets/Dash/frame1.png
  artifactKey: Guid(84ce2c52760964d47a560d0b6a1256c5) Importer(815301076,1909f56bfc062723c751e8b465ee728b)
Start importing Assets/Arknights/Gladiia/Sheets/Dash/frame1.png using Guid(84ce2c52760964d47a560d0b6a1256c5) Importer(815301076,1909f56bfc062723c751e8b465ee728b)  -> (artifact id: '6eb588c8d146c03f855a3d9ff9e8e4b9') in 0.015846 seconds 
  Import took 0.020344 seconds .

========================================================================
Received Import Request.
  Time since last request: 0.000299 seconds.
  path: Assets/Arknights/Gladiia/Sheets/Dash/frame10.png
  artifactKey: Guid(aa4d692282393bd46a81f454b96a4f1d) Importer(815301076,1909f56bfc062723c751e8b465ee728b)
Start importing Assets/Arknights/Gladiia/Sheets/Dash/frame10.png using Guid(aa4d692282393bd46a81f454b96a4f1d) Importer(815301076,1909f56bfc062723c751e8b465ee728b)  -> (artifact id: 'e8e446658e8789a71cf5ed73a48d09fa') in 0.023935 seconds 
  Import took 0.029079 seconds .

========================================================================
Received Import Request.
  Time since last request: 0.000248 seconds.
  path: Assets/Arknights/Gladiia/Sheets/Dash/frame3.png
  artifactKey: Guid(23ccc7e918dda3c4cbf03963d1eef81c) Importer(815301076,1909f56bfc062723c751e8b465ee728b)
Start importing Assets/Arknights/Gladiia/Sheets/Dash/frame3.png using Guid(23ccc7e918dda3c4cbf03963d1eef81c) Importer(815301076,1909f56bfc062723c751e8b465ee728b)  -> (artifact id: 'db000317650fc9d58c69deeb92dd1ac0') in 0.023165 seconds 
  Import took 0.028385 seconds .

========================================================================
Received Import Request.
  Time since last request: 0.000353 seconds.
  path: Assets/Arknights/Gladiia/Sheets/Dash/frame2.png
  artifactKey: Guid(91bc58303d30a7f4c8cba46ceb8559b8) Importer(815301076,1909f56bfc062723c751e8b465ee728b)
Start importing Assets/Arknights/Gladiia/Sheets/Dash/frame2.png using Guid(91bc58303d30a7f4c8cba46ceb8559b8) Importer(815301076,1909f56bfc062723c751e8b465ee728b)  -> (artifact id: '76a5140be2f2db26dfa10fdf23027e67') in 0.021392 seconds 
  Import took 0.025414 seconds .

========================================================================
Received Import Request.
  Time since last request: 0.000302 seconds.
  path: Assets/Arknights/Gladiia/Sheets/Dash/frame7.png
  artifactKey: Guid(b047037372275dc4091744589f931157) Importer(815301076,1909f56bfc062723c751e8b465ee728b)
Start importing Assets/Arknights/Gladiia/Sheets/Dash/frame7.png using Guid(b047037372275dc4091744589f931157) Importer(815301076,1909f56bfc062723c751e8b465ee728b)  -> (artifact id: 'c88331aa28d00afb079d3d21f70d9a13') in 0.026862 seconds 
  Import took 0.032766 seconds .

========================================================================
Received Import Request.
  Time since last request: 0.000838 seconds.
  path: Assets/Arknights/Gladiia/Sheets/Dash/frame6.png
  artifactKey: Guid(d5c6370ec73923e408af493acaa44217) Importer(815301076,1909f56bfc062723c751e8b465ee728b)
Start importing Assets/Arknights/Gladiia/Sheets/Dash/frame6.png using Guid(d5c6370ec73923e408af493acaa44217) Importer(815301076,1909f56bfc062723c751e8b465ee728b)  -> (artifact id: '6ab14738800ebc5910397d9ad790711e') in 0.034311 seconds 
  Import took 0.041735 seconds .

========================================================================
Received Import Request.
  Time since last request: 141.545633 seconds.
  path: Assets/Animations/Gladiia/Gladiia.controller
  artifactKey: Guid(5703b81e566b10440b3cb68be0cb33d7) Importer(815301076,1909f56bfc062723c751e8b465ee728b)
Start importing Assets/Animations/Gladiia/Gladiia.controller using Guid(5703b81e566b10440b3cb68be0cb33d7) Importer(815301076,1909f56bfc062723c751e8b465ee728b)  -> (artifact id: '41181c1ee4a2f228d9681764e1b8a745') in 0.035039 seconds 
  Import took 0.039096 seconds .

========================================================================
Received Import Request.
  Time since last request: 241.550649 seconds.
  path: Assets/Animations/Gladiia/Gladiia.controller
  artifactKey: Guid(5703b81e566b10440b3cb68be0cb33d7) Importer(815301076,1909f56bfc062723c751e8b465ee728b)
Start importing Assets/Animations/Gladiia/Gladiia.controller using Guid(5703b81e566b10440b3cb68be0cb33d7) Importer(815301076,1909f56bfc062723c751e8b465ee728b)  -> (artifact id: '4d821c79d6e479cc78c91d1b4000cbdc') in 0.006354 seconds 
  Import took 0.010005 seconds .

========================================================================
Received Prepare
Registering precompiled user dll's ...
Registered in 0.005497 seconds.
Begin MonoManager ReloadAssembly
Native extension for WindowsStandalone target not found
Refreshing native plugins compatible for Editor in 0.50 ms, found 3 plugins.
Preloading 0 native plugins for Editor in 0.00 ms.
Mono: successfully reloaded assembly
- Completed reload, in  1.330 seconds
Domain Reload Profiling:
	ReloadAssembly (1330ms)
		BeginReloadAssembly (164ms)
			ExecutionOrderSort (0ms)
			DisableScriptedObjects (6ms)
			BackupInstance (0ms)
			ReleaseScriptingObjects (0ms)
			CreateAndSetChildDomain (36ms)
		EndReloadAssembly (1082ms)
			LoadAssemblies (160ms)
			RebuildTransferFunctionScriptingTraits (0ms)
			SetupTypeCache (425ms)
			ReleaseScriptCaches (1ms)
			RebuildScriptCaches (47ms)
			SetupLoadedEditorAssemblies (370ms)
				LogAssemblyErrors (0ms)
				InitializePlatformSupportModulesInManaged (6ms)
				SetLoadedEditorAssemblies (0ms)
				RefreshPlugins (1ms)
				BeforeProcessingInitializeOnLoad (98ms)
				ProcessInitializeOnLoadAttributes (226ms)
				ProcessInitializeOnLoadMethodAttributes (12ms)
				AfterProcessingInitializeOnLoad (27ms)
				EditorAssembliesLoaded (0ms)
			ExecutionOrderSort2 (0ms)
			AwakeInstancesAfterBackupRestoration (8ms)
Platform modules already initialized, skipping
Refreshing native plugins compatible for Editor in 0.55 ms, found 3 plugins.
Preloading 0 native plugins for Editor in 0.00 ms.
Unloading 2350 Unused Serialized files (Serialized files now loaded: 0)
System memory in use before: 108.6 MB.
System memory in use after: 108.8 MB.

Unloading 18 unused Assets to reduce memory usage. Loaded Objects now: 2834.
Total: 3.442000 ms (FindLiveObjects: 0.214000 ms CreateObjectMapping: 0.083900 ms MarkObjects: 3.124800 ms  DeleteObjects: 0.018500 ms)

AssetImportParameters requested are different than current active one (requested -> active):
  custom:framework-win-MediaFoundation: 216162199b28c13a410421893ffa2e32 -> 
  custom:video-decoder-ogg-theora: a1e56fd34408186e4bbccfd4996cb3dc -> 
  custom:container-muxer-webm: aa71ff27fc2769a1b78a27578f13a17b -> 
  custom:container-demuxer-webm: 4f35f7cbe854078d1ac9338744f61a02 -> 
  custom:container-demuxer-ogg: 62fdf1f143b41e24485cea50d1cbac27 -> 
  custom:video-encoder-webm-vp8: eb34c28f22e8b96e1ab97ce403110664 -> 
  custom:video-codec-MediaFoundation-h265: 746d11721c4dcdbdad8f713fa42b33f4 -> 
  custom:video-decoder-webm-vp8: 9c59270c3fd7afecdb556c50c9e8de78 -> 
  custom:audio-decoder-ogg-vorbis: bf7c407c2cedff20999df2af8eb42d56 -> 
  custom:audio-encoder-webm-vorbis: bf7c407c2cedff20999df2af8eb42d56 -> 
========================================================================
Received Prepare
Registering precompiled user dll's ...
Registered in 0.023456 seconds.
Begin MonoManager ReloadAssembly
Native extension for WindowsStandalone target not found
Refreshing native plugins compatible for Editor in 0.49 ms, found 3 plugins.
Preloading 0 native plugins for Editor in 0.00 ms.
Mono: successfully reloaded assembly
- Completed reload, in  1.232 seconds
Domain Reload Profiling:
	ReloadAssembly (1233ms)
		BeginReloadAssembly (175ms)
			ExecutionOrderSort (0ms)
			DisableScriptedObjects (7ms)
			BackupInstance (0ms)
			ReleaseScriptingObjects (0ms)
			CreateAndSetChildDomain (36ms)
		EndReloadAssembly (969ms)
			LoadAssemblies (188ms)
			RebuildTransferFunctionScriptingTraits (0ms)
			SetupTypeCache (313ms)
			ReleaseScriptCaches (1ms)
			RebuildScriptCaches (53ms)
			SetupLoadedEditorAssemblies (353ms)
				LogAssemblyErrors (0ms)
				InitializePlatformSupportModulesInManaged (6ms)
				SetLoadedEditorAssemblies (0ms)
				RefreshPlugins (1ms)
				BeforeProcessingInitializeOnLoad (105ms)
				ProcessInitializeOnLoadAttributes (204ms)
				ProcessInitializeOnLoadMethodAttributes (11ms)
				AfterProcessingInitializeOnLoad (26ms)
				EditorAssembliesLoaded (0ms)
			ExecutionOrderSort2 (0ms)
			AwakeInstancesAfterBackupRestoration (9ms)
Platform modules already initialized, skipping
Refreshing native plugins compatible for Editor in 0.55 ms, found 3 plugins.
Preloading 0 native plugins for Editor in 0.00 ms.
Unloading 2350 Unused Serialized files (Serialized files now loaded: 0)
System memory in use before: 108.6 MB.
System memory in use after: 108.8 MB.

Unloading 18 unused Assets to reduce memory usage. Loaded Objects now: 2836.
Total: 3.382600 ms (FindLiveObjects: 0.196700 ms CreateObjectMapping: 0.091200 ms MarkObjects: 3.071600 ms  DeleteObjects: 0.022100 ms)

AssetImportParameters requested are different than current active one (requested -> active):
  custom:framework-win-MediaFoundation: 216162199b28c13a410421893ffa2e32 -> 
  custom:video-decoder-ogg-theora: a1e56fd34408186e4bbccfd4996cb3dc -> 
  custom:container-muxer-webm: aa71ff27fc2769a1b78a27578f13a17b -> 
  custom:container-demuxer-webm: 4f35f7cbe854078d1ac9338744f61a02 -> 
  custom:container-demuxer-ogg: 62fdf1f143b41e24485cea50d1cbac27 -> 
  custom:video-encoder-webm-vp8: eb34c28f22e8b96e1ab97ce403110664 -> 
  custom:video-codec-MediaFoundation-h265: 746d11721c4dcdbdad8f713fa42b33f4 -> 
  custom:video-decoder-webm-vp8: 9c59270c3fd7afecdb556c50c9e8de78 -> 
  custom:audio-decoder-ogg-vorbis: bf7c407c2cedff20999df2af8eb42d56 -> 
  custom:audio-encoder-webm-vorbis: bf7c407c2cedff20999df2af8eb42d56 -> 
========================================================================
Received Prepare
Registering precompiled user dll's ...
Registered in 0.009164 seconds.
Begin MonoManager ReloadAssembly
Native extension for WindowsStandalone target not found
Refreshing native plugins compatible for Editor in 0.49 ms, found 3 plugins.
Preloading 0 native plugins for Editor in 0.00 ms.
Mono: successfully reloaded assembly
- Completed reload, in  1.256 seconds
Domain Reload Profiling:
	ReloadAssembly (1257ms)
		BeginReloadAssembly (173ms)
			ExecutionOrderSort (0ms)
			DisableScriptedObjects (5ms)
			BackupInstance (0ms)
			ReleaseScriptingObjects (0ms)
			CreateAndSetChildDomain (32ms)
		EndReloadAssembly (1001ms)
			LoadAssemblies (173ms)
			RebuildTransferFunctionScriptingTraits (0ms)
			SetupTypeCache (298ms)
			ReleaseScriptCaches (1ms)
			RebuildScriptCaches (47ms)
			SetupLoadedEditorAssemblies (350ms)
				LogAssemblyErrors (0ms)
				InitializePlatformSupportModulesInManaged (5ms)
				SetLoadedEditorAssemblies (0ms)
				RefreshPlugins (1ms)
				BeforeProcessingInitializeOnLoad (101ms)
				ProcessInitializeOnLoadAttributes (207ms)
				ProcessInitializeOnLoadMethodAttributes (11ms)
				AfterProcessingInitializeOnLoad (25ms)
				EditorAssembliesLoaded (0ms)
			ExecutionOrderSort2 (0ms)
			AwakeInstancesAfterBackupRestoration (9ms)
Platform modules already initialized, skipping
Refreshing native plugins compatible for Editor in 0.55 ms, found 3 plugins.
Preloading 0 native plugins for Editor in 0.00 ms.
Unloading 2350 Unused Serialized files (Serialized files now loaded: 0)
System memory in use before: 108.5 MB.
System memory in use after: 108.7 MB.

Unloading 18 unused Assets to reduce memory usage. Loaded Objects now: 2838.
Total: 3.722400 ms (FindLiveObjects: 0.216900 ms CreateObjectMapping: 0.087800 ms MarkObjects: 3.398400 ms  DeleteObjects: 0.018500 ms)

AssetImportParameters requested are different than current active one (requested -> active):
  custom:framework-win-MediaFoundation: 216162199b28c13a410421893ffa2e32 -> 
  custom:video-decoder-ogg-theora: a1e56fd34408186e4bbccfd4996cb3dc -> 
  custom:container-muxer-webm: aa71ff27fc2769a1b78a27578f13a17b -> 
  custom:container-demuxer-webm: 4f35f7cbe854078d1ac9338744f61a02 -> 
  custom:container-demuxer-ogg: 62fdf1f143b41e24485cea50d1cbac27 -> 
  custom:video-encoder-webm-vp8: eb34c28f22e8b96e1ab97ce403110664 -> 
  custom:video-codec-MediaFoundation-h265: 746d11721c4dcdbdad8f713fa42b33f4 -> 
  custom:video-decoder-webm-vp8: 9c59270c3fd7afecdb556c50c9e8de78 -> 
  custom:audio-decoder-ogg-vorbis: bf7c407c2cedff20999df2af8eb42d56 -> 
  custom:audio-encoder-webm-vorbis: bf7c407c2cedff20999df2af8eb42d56 -> 
========================================================================
Received Prepare
Registering precompiled user dll's ...
Registered in 0.005028 seconds.
Begin MonoManager ReloadAssembly
Native extension for WindowsStandalone target not found
Refreshing native plugins compatible for Editor in 0.60 ms, found 3 plugins.
Preloading 0 native plugins for Editor in 0.00 ms.
Mono: successfully reloaded assembly
- Completed reload, in  1.225 seconds
Domain Reload Profiling:
	ReloadAssembly (1225ms)
		BeginReloadAssembly (156ms)
			ExecutionOrderSort (0ms)
			DisableScriptedObjects (6ms)
			BackupInstance (0ms)
			ReleaseScriptingObjects (0ms)
			CreateAndSetChildDomain (32ms)
		EndReloadAssembly (983ms)
			LoadAssemblies (139ms)
			RebuildTransferFunctionScriptingTraits (0ms)
			SetupTypeCache (281ms)
			ReleaseScriptCaches (1ms)
			RebuildScriptCaches (41ms)
			SetupLoadedEditorAssemblies (459ms)
				LogAssemblyErrors (0ms)
				InitializePlatformSupportModulesInManaged (6ms)
				SetLoadedEditorAssemblies (0ms)
				RefreshPlugins (1ms)
				BeforeProcessingInitializeOnLoad (188ms)
				ProcessInitializeOnLoadAttributes (218ms)
				ProcessInitializeOnLoadMethodAttributes (14ms)
				AfterProcessingInitializeOnLoad (33ms)
				EditorAssembliesLoaded (0ms)
			ExecutionOrderSort2 (0ms)
			AwakeInstancesAfterBackupRestoration (8ms)
Platform modules already initialized, skipping
Refreshing native plugins compatible for Editor in 0.64 ms, found 3 plugins.
Preloading 0 native plugins for Editor in 0.00 ms.
Unloading 2350 Unused Serialized files (Serialized files now loaded: 0)
System memory in use before: 108.6 MB.
System memory in use after: 108.8 MB.

Unloading 18 unused Assets to reduce memory usage. Loaded Objects now: 2840.
Total: 3.481800 ms (FindLiveObjects: 0.206200 ms CreateObjectMapping: 0.083500 ms MarkObjects: 3.173000 ms  DeleteObjects: 0.018200 ms)

AssetImportParameters requested are different than current active one (requested -> active):
  custom:framework-win-MediaFoundation: 216162199b28c13a410421893ffa2e32 -> 
  custom:video-decoder-ogg-theora: a1e56fd34408186e4bbccfd4996cb3dc -> 
  custom:container-muxer-webm: aa71ff27fc2769a1b78a27578f13a17b -> 
  custom:container-demuxer-webm: 4f35f7cbe854078d1ac9338744f61a02 -> 
  custom:container-demuxer-ogg: 62fdf1f143b41e24485cea50d1cbac27 -> 
  custom:video-encoder-webm-vp8: eb34c28f22e8b96e1ab97ce403110664 -> 
  custom:video-codec-MediaFoundation-h265: 746d11721c4dcdbdad8f713fa42b33f4 -> 
  custom:video-decoder-webm-vp8: 9c59270c3fd7afecdb556c50c9e8de78 -> 
  custom:audio-decoder-ogg-vorbis: bf7c407c2cedff20999df2af8eb42d56 -> 
  custom:audio-encoder-webm-vorbis: bf7c407c2cedff20999df2af8eb42d56 -> 
========================================================================
Received Prepare
Registering precompiled user dll's ...
Registered in 0.006982 seconds.
Begin MonoManager ReloadAssembly
Native extension for WindowsStandalone target not found
Refreshing native plugins compatible for Editor in 0.50 ms, found 3 plugins.
Preloading 0 native plugins for Editor in 0.00 ms.
Mono: successfully reloaded assembly
- Completed reload, in  1.286 seconds
Domain Reload Profiling:
	ReloadAssembly (1286ms)
		BeginReloadAssembly (159ms)
			ExecutionOrderSort (0ms)
			DisableScriptedObjects (6ms)
			BackupInstance (0ms)
			ReleaseScriptingObjects (0ms)
			CreateAndSetChildDomain (29ms)
		EndReloadAssembly (1045ms)
			LoadAssemblies (166ms)
			RebuildTransferFunctionScriptingTraits (0ms)
			SetupTypeCache (404ms)
			ReleaseScriptCaches (1ms)
			RebuildScriptCaches (42ms)
			SetupLoadedEditorAssemblies (358ms)
				LogAssemblyErrors (0ms)
				InitializePlatformSupportModulesInManaged (6ms)
				SetLoadedEditorAssemblies (0ms)
				RefreshPlugins (1ms)
				BeforeProcessingInitializeOnLoad (101ms)
				ProcessInitializeOnLoadAttributes (209ms)
				ProcessInitializeOnLoadMethodAttributes (11ms)
				AfterProcessingInitializeOnLoad (30ms)
				EditorAssembliesLoaded (0ms)
			ExecutionOrderSort2 (0ms)
			AwakeInstancesAfterBackupRestoration (8ms)
Platform modules already initialized, skipping
Refreshing native plugins compatible for Editor in 0.56 ms, found 3 plugins.
Preloading 0 native plugins for Editor in 0.00 ms.
Unloading 2350 Unused Serialized files (Serialized files now loaded: 0)
System memory in use before: 108.6 MB.
System memory in use after: 108.8 MB.

Unloading 18 unused Assets to reduce memory usage. Loaded Objects now: 2842.
Total: 3.759000 ms (FindLiveObjects: 0.220800 ms CreateObjectMapping: 0.087400 ms MarkObjects: 3.431900 ms  DeleteObjects: 0.018000 ms)

AssetImportParameters requested are different than current active one (requested -> active):
  custom:framework-win-MediaFoundation: 216162199b28c13a410421893ffa2e32 -> 
  custom:video-decoder-ogg-theora: a1e56fd34408186e4bbccfd4996cb3dc -> 
  custom:container-muxer-webm: aa71ff27fc2769a1b78a27578f13a17b -> 
  custom:container-demuxer-webm: 4f35f7cbe854078d1ac9338744f61a02 -> 
  custom:container-demuxer-ogg: 62fdf1f143b41e24485cea50d1cbac27 -> 
  custom:video-encoder-webm-vp8: eb34c28f22e8b96e1ab97ce403110664 -> 
  custom:video-codec-MediaFoundation-h265: 746d11721c4dcdbdad8f713fa42b33f4 -> 
  custom:video-decoder-webm-vp8: 9c59270c3fd7afecdb556c50c9e8de78 -> 
  custom:audio-decoder-ogg-vorbis: bf7c407c2cedff20999df2af8eb42d56 -> 
  custom:audio-encoder-webm-vorbis: bf7c407c2cedff20999df2af8eb42d56 -> 
========================================================================
Received Prepare
Registering precompiled user dll's ...
Registered in 0.006643 seconds.
Begin MonoManager ReloadAssembly
Native extension for WindowsStandalone target not found
Refreshing native plugins compatible for Editor in 0.50 ms, found 3 plugins.
Preloading 0 native plugins for Editor in 0.00 ms.
Mono: successfully reloaded assembly
- Completed reload, in  1.261 seconds
Domain Reload Profiling:
	ReloadAssembly (1261ms)
		BeginReloadAssembly (159ms)
			ExecutionOrderSort (0ms)
			DisableScriptedObjects (6ms)
			BackupInstance (0ms)
			ReleaseScriptingObjects (0ms)
			CreateAndSetChildDomain (30ms)
		EndReloadAssembly (1020ms)
			LoadAssemblies (141ms)
			RebuildTransferFunctionScriptingTraits (0ms)
			SetupTypeCache (391ms)
			ReleaseScriptCaches (1ms)
			RebuildScriptCaches (47ms)
			SetupLoadedEditorAssemblies (360ms)
				LogAssemblyErrors (0ms)
				InitializePlatformSupportModulesInManaged (6ms)
				SetLoadedEditorAssemblies (0ms)
				RefreshPlugins (1ms)
				BeforeProcessingInitializeOnLoad (99ms)
				ProcessInitializeOnLoadAttributes (215ms)
				ProcessInitializeOnLoadMethodAttributes (12ms)
				AfterProcessingInitializeOnLoad (27ms)
				EditorAssembliesLoaded (0ms)
			ExecutionOrderSort2 (0ms)
			AwakeInstancesAfterBackupRestoration (9ms)
Platform modules already initialized, skipping
Refreshing native plugins compatible for Editor in 0.66 ms, found 3 plugins.
Preloading 0 native plugins for Editor in 0.00 ms.
Unloading 2350 Unused Serialized files (Serialized files now loaded: 0)
System memory in use before: 108.6 MB.
System memory in use after: 108.8 MB.

Unloading 18 unused Assets to reduce memory usage. Loaded Objects now: 2844.
Total: 3.277100 ms (FindLiveObjects: 0.224900 ms CreateObjectMapping: 0.103000 ms MarkObjects: 2.928700 ms  DeleteObjects: 0.019700 ms)

AssetImportParameters requested are different than current active one (requested -> active):
  custom:framework-win-MediaFoundation: 216162199b28c13a410421893ffa2e32 -> 
  custom:video-decoder-ogg-theora: a1e56fd34408186e4bbccfd4996cb3dc -> 
  custom:container-muxer-webm: aa71ff27fc2769a1b78a27578f13a17b -> 
  custom:container-demuxer-webm: 4f35f7cbe854078d1ac9338744f61a02 -> 
  custom:container-demuxer-ogg: 62fdf1f143b41e24485cea50d1cbac27 -> 
  custom:video-encoder-webm-vp8: eb34c28f22e8b96e1ab97ce403110664 -> 
  custom:video-codec-MediaFoundation-h265: 746d11721c4dcdbdad8f713fa42b33f4 -> 
  custom:video-decoder-webm-vp8: 9c59270c3fd7afecdb556c50c9e8de78 -> 
  custom:audio-decoder-ogg-vorbis: bf7c407c2cedff20999df2af8eb42d56 -> 
  custom:audio-encoder-webm-vorbis: bf7c407c2cedff20999df2af8eb42d56 -> 
========================================================================
Received Prepare
Registering precompiled user dll's ...
Registered in 0.006882 seconds.
Begin MonoManager ReloadAssembly
Native extension for WindowsStandalone target not found
Refreshing native plugins compatible for Editor in 0.49 ms, found 3 plugins.
Preloading 0 native plugins for Editor in 0.00 ms.
Mono: successfully reloaded assembly
- Completed reload, in  1.344 seconds
Domain Reload Profiling:
	ReloadAssembly (1345ms)
		BeginReloadAssembly (165ms)
			ExecutionOrderSort (0ms)
			DisableScriptedObjects (6ms)
			BackupInstance (0ms)
			ReleaseScriptingObjects (0ms)
			CreateAndSetChildDomain (32ms)
		EndReloadAssembly (1074ms)
			LoadAssemblies (281ms)
			RebuildTransferFunctionScriptingTraits (0ms)
			SetupTypeCache (315ms)
			ReleaseScriptCaches (1ms)
			RebuildScriptCaches (45ms)
			SetupLoadedEditorAssemblies (353ms)
				LogAssemblyErrors (0ms)
				InitializePlatformSupportModulesInManaged (5ms)
				SetLoadedEditorAssemblies (0ms)
				RefreshPlugins (1ms)
				BeforeProcessingInitializeOnLoad (96ms)
				ProcessInitializeOnLoadAttributes (212ms)
				ProcessInitializeOnLoadMethodAttributes (11ms)
				AfterProcessingInitializeOnLoad (27ms)
				EditorAssembliesLoaded (0ms)
			ExecutionOrderSort2 (0ms)
			AwakeInstancesAfterBackupRestoration (8ms)
Platform modules already initialized, skipping
Refreshing native plugins compatible for Editor in 0.50 ms, found 3 plugins.
Preloading 0 native plugins for Editor in 0.00 ms.
Unloading 2350 Unused Serialized files (Serialized files now loaded: 0)
System memory in use before: 108.6 MB.
System memory in use after: 108.8 MB.

Unloading 18 unused Assets to reduce memory usage. Loaded Objects now: 2846.
Total: 3.638200 ms (FindLiveObjects: 0.217200 ms CreateObjectMapping: 0.080500 ms MarkObjects: 3.321200 ms  DeleteObjects: 0.018500 ms)

AssetImportParameters requested are different than current active one (requested -> active):
  custom:framework-win-MediaFoundation: 216162199b28c13a410421893ffa2e32 -> 
  custom:video-decoder-ogg-theora: a1e56fd34408186e4bbccfd4996cb3dc -> 
  custom:container-muxer-webm: aa71ff27fc2769a1b78a27578f13a17b -> 
  custom:container-demuxer-webm: 4f35f7cbe854078d1ac9338744f61a02 -> 
  custom:container-demuxer-ogg: 62fdf1f143b41e24485cea50d1cbac27 -> 
  custom:video-encoder-webm-vp8: eb34c28f22e8b96e1ab97ce403110664 -> 
  custom:video-codec-MediaFoundation-h265: 746d11721c4dcdbdad8f713fa42b33f4 -> 
  custom:video-decoder-webm-vp8: 9c59270c3fd7afecdb556c50c9e8de78 -> 
  custom:audio-decoder-ogg-vorbis: bf7c407c2cedff20999df2af8eb42d56 -> 
  custom:audio-encoder-webm-vorbis: bf7c407c2cedff20999df2af8eb42d56 -> 
========================================================================
Received Prepare
Registering precompiled user dll's ...
Registered in 0.005490 seconds.
Begin MonoManager ReloadAssembly
Native extension for WindowsStandalone target not found
Refreshing native plugins compatible for Editor in 0.49 ms, found 3 plugins.
Preloading 0 native plugins for Editor in 0.00 ms.
Mono: successfully reloaded assembly
- Completed reload, in  1.207 seconds
Domain Reload Profiling:
	ReloadAssembly (1208ms)
		BeginReloadAssembly (180ms)
			ExecutionOrderSort (0ms)
			DisableScriptedObjects (6ms)
			BackupInstance (0ms)
			ReleaseScriptingObjects (0ms)
			CreateAndSetChildDomain (31ms)
		EndReloadAssembly (927ms)
			LoadAssemblies (173ms)
			RebuildTransferFunctionScriptingTraits (0ms)
			SetupTypeCache (285ms)
			ReleaseScriptCaches (1ms)
			RebuildScriptCaches (43ms)
			SetupLoadedEditorAssemblies (366ms)
				LogAssemblyErrors (0ms)
				InitializePlatformSupportModulesInManaged (6ms)
				SetLoadedEditorAssemblies (0ms)
				RefreshPlugins (1ms)
				BeforeProcessingInitializeOnLoad (103ms)
				ProcessInitializeOnLoadAttributes (217ms)
				ProcessInitializeOnLoadMethodAttributes (12ms)
				AfterProcessingInitializeOnLoad (27ms)
				EditorAssembliesLoaded (0ms)
			ExecutionOrderSort2 (0ms)
			AwakeInstancesAfterBackupRestoration (9ms)
Platform modules already initialized, skipping
Refreshing native plugins compatible for Editor in 0.56 ms, found 3 plugins.
Preloading 0 native plugins for Editor in 0.00 ms.
Unloading 2350 Unused Serialized files (Serialized files now loaded: 0)
System memory in use before: 108.5 MB.
System memory in use after: 108.7 MB.

Unloading 18 unused Assets to reduce memory usage. Loaded Objects now: 2848.
Total: 3.716000 ms (FindLiveObjects: 0.479600 ms CreateObjectMapping: 0.248500 ms MarkObjects: 2.966300 ms  DeleteObjects: 0.020500 ms)

AssetImportParameters requested are different than current active one (requested -> active):
  custom:framework-win-MediaFoundation: 216162199b28c13a410421893ffa2e32 -> 
  custom:video-decoder-ogg-theora: a1e56fd34408186e4bbccfd4996cb3dc -> 
  custom:container-muxer-webm: aa71ff27fc2769a1b78a27578f13a17b -> 
  custom:container-demuxer-webm: 4f35f7cbe854078d1ac9338744f61a02 -> 
  custom:container-demuxer-ogg: 62fdf1f143b41e24485cea50d1cbac27 -> 
  custom:video-encoder-webm-vp8: eb34c28f22e8b96e1ab97ce403110664 -> 
  custom:video-codec-MediaFoundation-h265: 746d11721c4dcdbdad8f713fa42b33f4 -> 
  custom:video-decoder-webm-vp8: 9c59270c3fd7afecdb556c50c9e8de78 -> 
  custom:audio-decoder-ogg-vorbis: bf7c407c2cedff20999df2af8eb42d56 -> 
  custom:audio-encoder-webm-vorbis: bf7c407c2cedff20999df2af8eb42d56 -> 
========================================================================
Received Prepare
Registering precompiled user dll's ...
Registered in 0.006705 seconds.
Begin MonoManager ReloadAssembly
Native extension for WindowsStandalone target not found
Refreshing native plugins compatible for Editor in 0.50 ms, found 3 plugins.
Preloading 0 native plugins for Editor in 0.00 ms.
Mono: successfully reloaded assembly
- Completed reload, in  1.301 seconds
Domain Reload Profiling:
	ReloadAssembly (1309ms)
		BeginReloadAssembly (166ms)
			ExecutionOrderSort (0ms)
			DisableScriptedObjects (6ms)
			BackupInstance (0ms)
			ReleaseScriptingObjects (0ms)
			CreateAndSetChildDomain (31ms)
		EndReloadAssembly (1054ms)
			LoadAssemblies (149ms)
			RebuildTransferFunctionScriptingTraits (0ms)
			SetupTypeCache (419ms)
			ReleaseScriptCaches (1ms)
			RebuildScriptCaches (43ms)
			SetupLoadedEditorAssemblies (361ms)
				LogAssemblyErrors (0ms)
				InitializePlatformSupportModulesInManaged (6ms)
				SetLoadedEditorAssemblies (0ms)
				RefreshPlugins (1ms)
				BeforeProcessingInitializeOnLoad (98ms)
				ProcessInitializeOnLoadAttributes (219ms)
				ProcessInitializeOnLoadMethodAttributes (11ms)
				AfterProcessingInitializeOnLoad (26ms)
				EditorAssembliesLoaded (0ms)
			ExecutionOrderSort2 (0ms)
			AwakeInstancesAfterBackupRestoration (8ms)
Platform modules already initialized, skipping
Refreshing native plugins compatible for Editor in 0.57 ms, found 3 plugins.
Preloading 0 native plugins for Editor in 0.00 ms.
Unloading 2350 Unused Serialized files (Serialized files now loaded: 0)
System memory in use before: 108.6 MB.
System memory in use after: 108.8 MB.

Unloading 18 unused Assets to reduce memory usage. Loaded Objects now: 2850.
Total: 2.984500 ms (FindLiveObjects: 0.209900 ms CreateObjectMapping: 0.093600 ms MarkObjects: 2.662300 ms  DeleteObjects: 0.017500 ms)

AssetImportParameters requested are different than current active one (requested -> active):
  custom:framework-win-MediaFoundation: 216162199b28c13a410421893ffa2e32 -> 
  custom:video-decoder-ogg-theora: a1e56fd34408186e4bbccfd4996cb3dc -> 
  custom:container-muxer-webm: aa71ff27fc2769a1b78a27578f13a17b -> 
  custom:container-demuxer-webm: 4f35f7cbe854078d1ac9338744f61a02 -> 
  custom:container-demuxer-ogg: 62fdf1f143b41e24485cea50d1cbac27 -> 
  custom:video-encoder-webm-vp8: eb34c28f22e8b96e1ab97ce403110664 -> 
  custom:video-codec-MediaFoundation-h265: 746d11721c4dcdbdad8f713fa42b33f4 -> 
  custom:video-decoder-webm-vp8: 9c59270c3fd7afecdb556c50c9e8de78 -> 
  custom:audio-decoder-ogg-vorbis: bf7c407c2cedff20999df2af8eb42d56 -> 
  custom:audio-encoder-webm-vorbis: bf7c407c2cedff20999df2af8eb42d56 -> 
========================================================================
Received Prepare
Registering precompiled user dll's ...
Registered in 0.008507 seconds.
Begin MonoManager ReloadAssembly
Native extension for WindowsStandalone target not found
Refreshing native plugins compatible for Editor in 0.49 ms, found 3 plugins.
Preloading 0 native plugins for Editor in 0.00 ms.
Mono: successfully reloaded assembly
- Completed reload, in  1.299 seconds
Domain Reload Profiling:
	ReloadAssembly (1300ms)
		BeginReloadAssembly (159ms)
			ExecutionOrderSort (0ms)
			DisableScriptedObjects (7ms)
			BackupInstance (0ms)
			ReleaseScriptingObjects (0ms)
			CreateAndSetChildDomain (32ms)
		EndReloadAssembly (1045ms)
			LoadAssemblies (257ms)
			RebuildTransferFunctionScriptingTraits (0ms)
			SetupTypeCache (305ms)
			ReleaseScriptCaches (1ms)
			RebuildScriptCaches (44ms)
			SetupLoadedEditorAssemblies (362ms)
				LogAssemblyErrors (0ms)
				InitializePlatformSupportModulesInManaged (6ms)
				SetLoadedEditorAssemblies (0ms)
				RefreshPlugins (1ms)
				BeforeProcessingInitializeOnLoad (95ms)
				ProcessInitializeOnLoadAttributes (223ms)
				ProcessInitializeOnLoadMethodAttributes (12ms)
				AfterProcessingInitializeOnLoad (25ms)
				EditorAssembliesLoaded (0ms)
			ExecutionOrderSort2 (0ms)
			AwakeInstancesAfterBackupRestoration (10ms)
Platform modules already initialized, skipping
Refreshing native plugins compatible for Editor in 0.58 ms, found 3 plugins.
Preloading 0 native plugins for Editor in 0.00 ms.
Unloading 2350 Unused Serialized files (Serialized files now loaded: 0)
System memory in use before: 108.6 MB.
System memory in use after: 108.9 MB.

Unloading 18 unused Assets to reduce memory usage. Loaded Objects now: 2852.
Total: 3.428600 ms (FindLiveObjects: 0.224800 ms CreateObjectMapping: 0.091100 ms MarkObjects: 3.001100 ms  DeleteObjects: 0.110700 ms)

AssetImportParameters requested are different than current active one (requested -> active):
  custom:framework-win-MediaFoundation: 216162199b28c13a410421893ffa2e32 -> 
  custom:video-decoder-ogg-theora: a1e56fd34408186e4bbccfd4996cb3dc -> 
  custom:container-muxer-webm: aa71ff27fc2769a1b78a27578f13a17b -> 
  custom:container-demuxer-webm: 4f35f7cbe854078d1ac9338744f61a02 -> 
  custom:container-demuxer-ogg: 62fdf1f143b41e24485cea50d1cbac27 -> 
  custom:video-encoder-webm-vp8: eb34c28f22e8b96e1ab97ce403110664 -> 
  custom:video-codec-MediaFoundation-h265: 746d11721c4dcdbdad8f713fa42b33f4 -> 
  custom:video-decoder-webm-vp8: 9c59270c3fd7afecdb556c50c9e8de78 -> 
  custom:audio-decoder-ogg-vorbis: bf7c407c2cedff20999df2af8eb42d56 -> 
  custom:audio-encoder-webm-vorbis: bf7c407c2cedff20999df2af8eb42d56 -> 
========================================================================
Received Prepare
Registering precompiled user dll's ...
Registered in 0.007796 seconds.
Begin MonoManager ReloadAssembly
Native extension for WindowsStandalone target not found
Refreshing native plugins compatible for Editor in 0.49 ms, found 3 plugins.
Preloading 0 native plugins for Editor in 0.00 ms.
Mono: successfully reloaded assembly
- Completed reload, in  1.306 seconds
Domain Reload Profiling:
	ReloadAssembly (1306ms)
		BeginReloadAssembly (173ms)
			ExecutionOrderSort (0ms)
			DisableScriptedObjects (6ms)
			BackupInstance (0ms)
			ReleaseScriptingObjects (0ms)
			CreateAndSetChildDomain (31ms)
		EndReloadAssembly (1043ms)
			LoadAssemblies (147ms)
			RebuildTransferFunctionScriptingTraits (0ms)
			SetupTypeCache (411ms)
			ReleaseScriptCaches (1ms)
			RebuildScriptCaches (43ms)
			SetupLoadedEditorAssemblies (371ms)
				LogAssemblyErrors (0ms)
				InitializePlatformSupportModulesInManaged (6ms)
				SetLoadedEditorAssemblies (0ms)
				RefreshPlugins (1ms)
				BeforeProcessingInitializeOnLoad (118ms)
				ProcessInitializeOnLoadAttributes (211ms)
				ProcessInitializeOnLoadMethodAttributes (11ms)
				AfterProcessingInitializeOnLoad (25ms)
				EditorAssembliesLoaded (0ms)
			ExecutionOrderSort2 (0ms)
			AwakeInstancesAfterBackupRestoration (8ms)
Platform modules already initialized, skipping
Refreshing native plugins compatible for Editor in 0.57 ms, found 3 plugins.
Preloading 0 native plugins for Editor in 0.00 ms.
Unloading 2350 Unused Serialized files (Serialized files now loaded: 0)
System memory in use before: 108.6 MB.
System memory in use after: 108.9 MB.

Unloading 18 unused Assets to reduce memory usage. Loaded Objects now: 2854.
Total: 3.454000 ms (FindLiveObjects: 0.221700 ms CreateObjectMapping: 0.090200 ms MarkObjects: 3.121600 ms  DeleteObjects: 0.019500 ms)

AssetImportParameters requested are different than current active one (requested -> active):
  custom:framework-win-MediaFoundation: 216162199b28c13a410421893ffa2e32 -> 
  custom:video-decoder-ogg-theora: a1e56fd34408186e4bbccfd4996cb3dc -> 
  custom:container-muxer-webm: aa71ff27fc2769a1b78a27578f13a17b -> 
  custom:container-demuxer-webm: 4f35f7cbe854078d1ac9338744f61a02 -> 
  custom:container-demuxer-ogg: 62fdf1f143b41e24485cea50d1cbac27 -> 
  custom:video-encoder-webm-vp8: eb34c28f22e8b96e1ab97ce403110664 -> 
  custom:video-codec-MediaFoundation-h265: 746d11721c4dcdbdad8f713fa42b33f4 -> 
  custom:video-decoder-webm-vp8: 9c59270c3fd7afecdb556c50c9e8de78 -> 
  custom:audio-decoder-ogg-vorbis: bf7c407c2cedff20999df2af8eb42d56 -> 
  custom:audio-encoder-webm-vorbis: bf7c407c2cedff20999df2af8eb42d56 -> 
========================================================================
Received Prepare
Registering precompiled user dll's ...
Registered in 0.007832 seconds.
Begin MonoManager ReloadAssembly
Native extension for WindowsStandalone target not found
Refreshing native plugins compatible for Editor in 0.50 ms, found 3 plugins.
Preloading 0 native plugins for Editor in 0.00 ms.
Mono: successfully reloaded assembly
- Completed reload, in  1.293 seconds
Domain Reload Profiling:
	ReloadAssembly (1294ms)
		BeginReloadAssembly (195ms)
			ExecutionOrderSort (0ms)
			DisableScriptedObjects (7ms)
			BackupInstance (0ms)
			ReleaseScriptingObjects (0ms)
			CreateAndSetChildDomain (30ms)
		EndReloadAssembly (912ms)
			LoadAssemblies (164ms)
			RebuildTransferFunctionScriptingTraits (0ms)
			SetupTypeCache (301ms)
			ReleaseScriptCaches (1ms)
			RebuildScriptCaches (45ms)
			SetupLoadedEditorAssemblies (353ms)
				LogAssemblyErrors (0ms)
				InitializePlatformSupportModulesInManaged (6ms)
				SetLoadedEditorAssemblies (0ms)
				RefreshPlugins (1ms)
				BeforeProcessingInitializeOnLoad (99ms)
				ProcessInitializeOnLoadAttributes (206ms)
				ProcessInitializeOnLoadMethodAttributes (12ms)
				AfterProcessingInitializeOnLoad (30ms)
				EditorAssembliesLoaded (0ms)
			ExecutionOrderSort2 (0ms)
			AwakeInstancesAfterBackupRestoration (9ms)
Platform modules already initialized, skipping
Refreshing native plugins compatible for Editor in 0.54 ms, found 3 plugins.
Preloading 0 native plugins for Editor in 0.00 ms.
Unloading 2350 Unused Serialized files (Serialized files now loaded: 0)
System memory in use before: 108.6 MB.
System memory in use after: 108.9 MB.

Unloading 18 unused Assets to reduce memory usage. Loaded Objects now: 2856.
Total: 3.561300 ms (FindLiveObjects: 0.218000 ms CreateObjectMapping: 0.090400 ms MarkObjects: 3.232700 ms  DeleteObjects: 0.019200 ms)

AssetImportParameters requested are different than current active one (requested -> active):
  custom:framework-win-MediaFoundation: 216162199b28c13a410421893ffa2e32 -> 
  custom:video-decoder-ogg-theora: a1e56fd34408186e4bbccfd4996cb3dc -> 
  custom:container-muxer-webm: aa71ff27fc2769a1b78a27578f13a17b -> 
  custom:container-demuxer-webm: 4f35f7cbe854078d1ac9338744f61a02 -> 
  custom:container-demuxer-ogg: 62fdf1f143b41e24485cea50d1cbac27 -> 
  custom:video-encoder-webm-vp8: eb34c28f22e8b96e1ab97ce403110664 -> 
  custom:video-codec-MediaFoundation-h265: 746d11721c4dcdbdad8f713fa42b33f4 -> 
  custom:video-decoder-webm-vp8: 9c59270c3fd7afecdb556c50c9e8de78 -> 
  custom:audio-decoder-ogg-vorbis: bf7c407c2cedff20999df2af8eb42d56 -> 
  custom:audio-encoder-webm-vorbis: bf7c407c2cedff20999df2af8eb42d56 -> 
========================================================================
Received Prepare
Registering precompiled user dll's ...
Registered in 0.011230 seconds.
Begin MonoManager ReloadAssembly
Native extension for WindowsStandalone target not found
Refreshing native plugins compatible for Editor in 0.64 ms, found 3 plugins.
Preloading 0 native plugins for Editor in 0.00 ms.
Mono: successfully reloaded assembly
- Completed reload, in  1.409 seconds
Domain Reload Profiling:
	ReloadAssembly (1409ms)
		BeginReloadAssembly (267ms)
			ExecutionOrderSort (0ms)
			DisableScriptedObjects (6ms)
			BackupInstance (0ms)
			ReleaseScriptingObjects (0ms)
			CreateAndSetChildDomain (39ms)
		EndReloadAssembly (1050ms)
			LoadAssemblies (150ms)
			RebuildTransferFunctionScriptingTraits (0ms)
			SetupTypeCache (299ms)
			ReleaseScriptCaches (1ms)
			RebuildScriptCaches (45ms)
			SetupLoadedEditorAssemblies (463ms)
				LogAssemblyErrors (0ms)
				InitializePlatformSupportModulesInManaged (6ms)
				SetLoadedEditorAssemblies (1ms)
				RefreshPlugins (1ms)
				BeforeProcessingInitializeOnLoad (110ms)
				ProcessInitializeOnLoadAttributes (306ms)
				ProcessInitializeOnLoadMethodAttributes (12ms)
				AfterProcessingInitializeOnLoad (27ms)
				EditorAssembliesLoaded (0ms)
			ExecutionOrderSort2 (0ms)
			AwakeInstancesAfterBackupRestoration (11ms)
Platform modules already initialized, skipping
Refreshing native plugins compatible for Editor in 0.53 ms, found 3 plugins.
Preloading 0 native plugins for Editor in 0.00 ms.
Unloading 2350 Unused Serialized files (Serialized files now loaded: 0)
System memory in use before: 108.6 MB.
System memory in use after: 108.8 MB.

Unloading 18 unused Assets to reduce memory usage. Loaded Objects now: 2858.
Total: 3.623500 ms (FindLiveObjects: 0.252700 ms CreateObjectMapping: 0.101200 ms MarkObjects: 3.248800 ms  DeleteObjects: 0.019900 ms)

AssetImportParameters requested are different than current active one (requested -> active):
  custom:framework-win-MediaFoundation: 216162199b28c13a410421893ffa2e32 -> 
  custom:video-decoder-ogg-theora: a1e56fd34408186e4bbccfd4996cb3dc -> 
  custom:container-muxer-webm: aa71ff27fc2769a1b78a27578f13a17b -> 
  custom:container-demuxer-webm: 4f35f7cbe854078d1ac9338744f61a02 -> 
  custom:container-demuxer-ogg: 62fdf1f143b41e24485cea50d1cbac27 -> 
  custom:video-encoder-webm-vp8: eb34c28f22e8b96e1ab97ce403110664 -> 
  custom:video-codec-MediaFoundation-h265: 746d11721c4dcdbdad8f713fa42b33f4 -> 
  custom:video-decoder-webm-vp8: 9c59270c3fd7afecdb556c50c9e8de78 -> 
  custom:audio-decoder-ogg-vorbis: bf7c407c2cedff20999df2af8eb42d56 -> 
  custom:audio-encoder-webm-vorbis: bf7c407c2cedff20999df2af8eb42d56 -> 
AssetImportWorkerClient::OnTransportError - code=2 error=End of file
